[2016-11-25 10:16:54] brad_logger.INFO: Time indexing took: 0.25123381614685 [] []
[2016-11-25 10:17:38] brad_logger.INFO: Time indexing took: 00:00:00 [] []
[2016-11-25 10:19:35] brad_logger.INFO: Time indexing took: 00:00:09 [] []
[2016-11-25 10:20:29] brad_logger.INFO: Time indexing took: 00:00:49 [] []
[2016-11-25 10:29:25] brad_logger.INFO: Time indexing took: 00:00:00 [] []
[2016-11-25 10:38:02] brad_logger.INFO: Memory usage before indexing is 4878008 MB [] []
[2016-11-25 10:38:02] brad_logger.INFO: Time indexing took: 00:00:00 [] []
[2016-11-25 10:39:12] brad_logger.INFO: Memory usage before indexing is 4.65 MB [] []
[2016-11-25 10:39:12] brad_logger.INFO: Time indexing took: 00:00:00 [] []
[2016-11-25 10:39:58] brad_logger.INFO: Memory usage before indexing is 4.65 MB [] []
[2016-11-25 10:39:58] brad_logger.INFO: Time indexing took: 00:00:00 [] []
[2016-11-25 10:41:22] brad_logger.INFO: Memory usage before indexing is 4.65 MB [] []
[2016-11-25 10:41:23] brad_logger.INFO: Time indexing took: 00:00:00 [] []
[2016-11-25 10:41:23] brad_logger.INFO: Memory usage before indexing is 8.13 MB [] []
[2016-11-28 05:31:32] brad_logger.INFO: Memory usage before indexing is 3.71 MB [] []
[2016-11-28 05:31:33] brad_logger.INFO: Time indexing took: 00:00:00 [] []
[2016-11-28 05:31:33] brad_logger.INFO: Memory usage before indexing is 4.93 MB [] []
[2016-11-28 05:53:16] brad_logger.INFO: Memory usage before indexing is 3.71 MB [] []
[2016-11-28 05:53:16] brad_logger.INFO: Time indexing took: 00:00:00 [] []
[2016-11-28 05:53:16] brad_logger.INFO: Memory usage before indexing is 4.93 MB [] []
[2016-11-28 07:05:28] brad_logger.INFO: Memory usage before indexing is 3.74 MB [] []
[2016-11-28 07:05:28] brad_logger.ERROR: Failed to create index: mapper_parsing_exception: illegal field [index], only fields can be specified inside fields [] []
[2016-11-28 07:05:31] brad_logger.INFO: Memory usage before indexing is 3.74 MB [] []
[2016-11-28 07:05:31] brad_logger.ERROR: Failed to create index: mapper_parsing_exception: illegal field [index], only fields can be specified inside fields [] []
[2016-11-28 07:05:42] brad_logger.INFO: Memory usage before indexing is 3.74 MB [] []
[2016-11-28 07:05:43] brad_logger.INFO: Time indexing took: 00:00:00 [] []
[2016-11-28 07:05:43] brad_logger.INFO: Memory usage before indexing is 4.96 MB [] []
[2016-11-28 07:14:00] brad_logger.INFO: Memory usage before indexing is 3.74 MB [] []
[2016-11-28 07:14:00] brad_logger.ERROR: Failed to create index: mapper_parsing_exception: Mapping definition for [name_lang_1] has unsupported parameters:  [tokenizer : simple] [] []
[2016-11-28 07:14:47] brad_logger.INFO: Memory usage before indexing is 3.74 MB [] []
[2016-11-28 07:14:47] brad_logger.INFO: Time indexing took: 00:00:00 [] []
[2016-11-28 07:14:47] brad_logger.INFO: Memory usage before indexing is 4.96 MB [] []
